<?xml version="1.0" encoding="UTF-8"?>
<!-- Generated by org.testng.reporters.JUnitXMLReporter -->
<testsuite hostname="Shreejits-MacBook-Pro.local" name="Sample Test" tests="2" failures="0" timestamp="18 Nov 2017 01:37:51 GMT" time="28.311" errors="0">
  <testcase name="feature" time="2.353" classname="com.ibmwatsonhealth.devopsservices.swaggertestasset.swaggerParserUtility.runner.TestRunner"/>
  <testcase name="feature" time="0.592" classname="com.ibmwatsonhealth.devopsservices.swaggertestasset.swaggerParserUtility.runner.TestRunner"/>
</testsuite> <!-- Sample Test -->
