<?xml version="1.0" encoding="UTF-8"?>
<!-- Generated by org.testng.reporters.JUnitXMLReporter -->
<testsuite hostname="shreejits-mbp.cambridge.ibm.com" name="Test Feature" tests="1" failures="1" timestamp="29 Nov 2017 15:54:08 GMT" time="0.919" errors="0">
  <testcase name="feature" time="0.373" classname="com.ibmwatsonhealth.devopsservices.swaggertestasset.swaggerParserUtility.runner.TestRunner">
    <failure type="cucumber.runtime.CucumberException" message="java.lang.IllegalArgumentException: SSL context may not be null">
      <![CDATA[cucumber.runtime.CucumberException: java.lang.IllegalArgumentException: SSL context may not be null
	at cucumber.api.testng.TestNGCucumberRunner.runCucumber(TestNGCucumberRunner.java:69)
	at com.ibmwatsonhealth.devopsservices.swaggertestasset.swaggerParserUtility.runner.TestRunner.feature(TestRunner.java:56)
	at com.ibmwatsonhealth.devopsservices.swaggertestasset.swaggerParserUtility.runner.TestHarnessDriver.main(TestHarnessDriver.java:31)
Caused by: java.lang.IllegalArgumentException: SSL context may not be null
	at org.apache.http.util.Args.notNull(Args.java:54)
	at org.apache.http.conn.ssl.SSLSocketFactory.<init>(SSLSocketFactory.java:349)
	at com.ibmwatsonhealth.devopsservices.swaggertestasset.swaggerParserUtility.domain.RESTFactory.getSSLCert(RESTFactory.java:718)
	at com.ibmwatsonhealth.devopsservices.swaggertestasset.swaggerParserUtility.domain.RESTFactory.postRequest(RESTFactory.java:307)
	at com.ibmwatsonhealth.devopsservices.swaggertestasset.swaggerParserUtility.stepdefinitions.StepDefinitionsRestServices.user_sends_a_POST_request_to(StepDefinitionsRestServices.java:147)
	at ✽.When user sends a POST request to "https://idmz-dp.ci41.lsf04.ibmwhc.net:9443/datamart/api/v1/"(src/test/java/resources/features/Feature011_CreateSqlDataMartSchema.feature:9)
... Removed 21 stack frames]]>
    </failure>
  </testcase> <!-- feature -->
</testsuite> <!-- Test Feature -->
